1663678049049	geckodriver	INFO	Listening on 127.0.0.1:46203
1663678093227	geckodriver	INFO	Listening on 127.0.0.1:45927
1663678242728	geckodriver	INFO	Listening on 127.0.0.1:54123
1663678242756	mozrunner::runner	INFO	Running command: "/mnt/c/Program Files/Mozilla Firefox/firefox.exe" "--marionette" "--remote-debugging-port" "44325" "--remote-allow-hosts" "localhost" "-no-remote" "-profile" "/tmp/rust_mozprofileOO5gkA"
Error: argument --profile requires a path
[GFX1-]: shader-cache: Shader disk cache is not suppor[2022-09-20T12:50:43Z ERROR webrender_bindings::program_cache] shader-cache: Shader disk cache is not supported
ted
1663678254421	geckodriver	INFO	Listening on 127.0.0.1:37587
1663678254454	mozrunner::runner	INFO	Running command: "/mnt/c/Program Files/Mozilla Firefox/firefox.exe" "--marionette" "--remote-debugging-port" "56479" "--remote-allow-hosts" "localhost" "-no-remote" "-profile" "/tmp/rust_mozprofile2966FJ"
Error: argument --profile requires a path
[[2022-09-20T12:50:54Z ERROR webrender_bindings::program_cache] shader-cache: Shader disk cache is not supported
GFX1-]: shader-cache: Shader disk cache is not supported
1663678522066	geckodriver	INFO	Listening on 127.0.0.1:39589
1663678522528	mozrunner::runner	INFO	Running command: "/mnt/c/Program Files/Mozilla Firefox/firefox.exe" "--marionette" "--remote-debugging-port" "55005" "--remote-allow-hosts" "localhost" "-no-remote" "-profile" "/tmp/rust_mozprofileHADYjZ"
Error: argument --profile requires a path
[[2022-09-20T12:55:22Z ERROR webrender_bindings::program_cache] shader-cache: Shader disk cache is not supported
GFX1-]: shader-cache: Shader disk cache is not supported
1663678975730	geckodriver	INFO	Listening on 127.0.0.1:55939
1663678976191	mozrunner::runner	INFO	Running command: "/mnt/c/Program Files/Mozilla Firefox/firefox.exe" "--marionette" "--remote-debugging-port" "36805" "--remote-allow-hosts" "localhost" "-no-remote" "-profile" "/tmp/rust_mozprofileFx2Ztv"
Error: argument --profile requires a path
[[2022-09-20T13:02:56Z ERROR webrender_bindings::program_cache] shader-cache: Shader disk cache is not supported
GFX1-]: shader-cache: Shader disk cache is not supported
1663679105112	geckodriver	INFO	Listening on 127.0.0.1:59315
1663679105603	mozrunner::runner	INFO	Running command: "/mnt/c/Program Files/Mozilla Firefox/firefox.exe" "--marionette" "--remote-debugging-port" "59787" "--remote-allow-hosts" "localhost" "-no-remote" "-profile" "/tmp/rust_mozprofilewYtiU6"
Error: argument --profile requires a path
[GFX1-]: shader-cache: Shader disk [2022-09-20T13:05:06Z ERROR webrender_bindings::program_cache] shader-cache: Shader disk cache is not supported
cache is not supported
1663679211237	geckodriver	INFO	Listening on 127.0.0.1:57193
1663679211755	mozrunner::runner	INFO	Running command: "/mnt/c/Program Files/Mozilla Firefox/firefox.exe" "--marionette" "--remote-debugging-port" "59635" "--remote-allow-hosts" "localhost" "-no-remote" "-profile" "/tmp/rust_mozprofileTVtQBv"
Error: argument --profile requires a path
[[2022-09-20T13:06:52Z ERROR webrender_bindings::program_cache] shader-cache: Shader disk cache is not supported
GFX1-]: shader-cache: Shader disk cache is not supported
1663679804045	geckodriver	INFO	Listening on 127.0.0.1:41475
1663679804589	mozrunner::runner	INFO	Running command: "/mnt/c/Program Files/Mozilla Firefox/firefox.exe" "--marionette" "--remote-debugging-port" "57345" "--remote-allow-hosts" "localhost" "-no-remote" "-profile" "/tmp/rust_mozprofileC1CyRc"
Error: argument --profile requires a path
[GFX1-]: shader-cache: Shader disk cache is not supported
[2022-09-20T13:16:44Z ERROR webrender_bindings::program_cache] shader-cache: Shader disk cache is not supported
1663679953722	geckodriver	INFO	Listening on 127.0.0.1:53287
1663679954232	mozrunner::runner	INFO	Running command: "/usr/lib/firefox/firefox" "--marionette" "--remote-debugging-port" "35737" "--remote-allow-hosts" "localhost" "-no-remote" "-profile" "/tmp/rust_mozprofileLqiEff"
Error: no DISPLAY environment variable specified
1663679997152	geckodriver	INFO	Listening on 127.0.0.1:34577
1663679997676	mozrunner::runner	INFO	Running command: "/usr/lib/firefox/firefox" "--marionette" "--headless" "--remote-debugging-port" "37631" "--remote-allow-hosts" "localhost" "-no-remote" "-profile" "/tmp/rust_mozprofileLS67NQ"
*** You are running in headless mode.
[GFX1-]: glxtest: Unable to open a connection to the X server
[GFX1-]: glxtest: libEGL initialize failed
[GFX1-]: No GPUs detected via PCI
1663679997931	Marionette	INFO	Marionette enabled
1663679997933	Marionette	INFO	Listening on port 42447
WebDriver BiDi listening on ws://localhost:37631
Read port: 42447
1663679998077	RemoteAgent	WARN	TLS certificate errors will be ignored for this session
[GFX1-]: RenderCompositorSWGL failed mapping default framebuffer, no dt
console.warn: SearchSettings: "get: No settings file exists, new profile?" (new NotFoundError("Could not open the file at /tmp/rust_mozprofileLS67NQ/search.json.mozlz4", (void 0)))
Missing chrome or resource URL: resource://gre/modules/UpdateListener.sys.mjs
DevTools listening on ws://localhost:37631/devtools/browser/c72e8e43-ebd1-48ca-bbe7-712081701985
1663680005634	Marionette	INFO	Stopped listening on port 42447
Missing chrome or resource URL: resource://gre/modules/UpdateListener.sys.mjs
console.error: "Error during quit-application-granted: [Exception... \"File error: Not found\"  nsresult: \"0x80520012 (NS_ERROR_FILE_NOT_FOUND)\"  location: \"JS frame :: resource:///modules/BrowserGlue.jsm :: _onQuitApplicationGranted/tasks< :: line 2013\"  data: no]"
1663680251047	geckodriver	INFO	Listening on 127.0.0.1:40437
1663680251543	mozrunner::runner	INFO	Running command: "/usr/lib/firefox/firefox" "--marionette" "--headless" "--remote-debugging-port" "33675" "--remote-allow-hosts" "localhost" "-no-remote" "-profile" "/tmp/rust_mozprofileWHAQQZ"
*** You are running in headless mode.
[GFX1-]: glxtest: Unable to open a connection to the X server
[GFX1-]: glxtest: libEGL initialize failed
[GFX1-]: No GPUs detected via PCI
1663680251753	Marionette	INFO	Marionette enabled
1663680251756	Marionette	INFO	Listening on port 45211
WebDriver BiDi listening on ws://localhost:33675
Read port: 45211
1663680251975	RemoteAgent	WARN	TLS certificate errors will be ignored for this session
[GFX1-]: RenderCompositorSWGL failed mapping default framebuffer, no dt
console.warn: SearchSettings: "get: No settings file exists, new profile?" (new NotFoundError("Could not open the file at /tmp/rust_mozprofileWHAQQZ/search.json.mozlz4", (void 0)))
Missing chrome or resource URL: resource://gre/modules/UpdateListener.sys.mjs
DevTools listening on ws://localhost:33675/devtools/browser/32addf9e-48b3-440c-a970-ec214b871fb1
1663680258690	Marionette	INFO	Stopped listening on port 45211
Missing chrome or resource URL: resource://gre/modules/UpdateListener.sys.mjs
console.error: "Error during quit-application-granted: [Exception... \"File error: Not found\"  nsresult: \"0x80520012 (NS_ERROR_FILE_NOT_FOUND)\"  location: \"JS frame :: resource:///modules/BrowserGlue.jsm :: _onQuitApplicationGranted/tasks< :: line 2013\"  data: no]"
1663680466989	geckodriver	INFO	Listening on 127.0.0.1:54135
1663680467490	mozrunner::runner	INFO	Running command: "/usr/lib/firefox/firefox" "--marionette" "--headless" "--remote-debugging-port" "51041" "--remote-allow-hosts" "localhost" "-no-remote" "-profile" "/tmp/rust_mozprofileweqRPo"
*** You are running in headless mode.
[GFX1-]: glxtest: Unable to open a connection to the X server
[GFX1-]: glxtest: libEGL initialize failed
[GFX1-]: No GPUs detected via PCI
1663680467700	Marionette	INFO	Marionette enabled
1663680467703	Marionette	INFO	Listening on port 35051
WebDriver BiDi listening on ws://localhost:51041
Read port: 35051
1663680467924	RemoteAgent	WARN	TLS certificate errors will be ignored for this session
[GFX1-]: RenderCompositorSWGL failed mapping default framebuffer, no dt
console.warn: SearchSettings: "get: No settings file exists, new profile?" (new NotFoundError("Could not open the file at /tmp/rust_mozprofileweqRPo/search.json.mozlz4", (void 0)))
Missing chrome or resource URL: resource://gre/modules/UpdateListener.sys.mjs
DevTools listening on ws://localhost:51041/devtools/browser/27080da7-ce9f-4591-a13a-3578cec2a061
1663680475275	Marionette	INFO	Stopped listening on port 35051
Missing chrome or resource URL: resource://gre/modules/UpdateListener.sys.mjs
console.error: "Error during quit-application-granted: [Exception... \"File error: Not found\"  nsresult: \"0x80520012 (NS_ERROR_FILE_NOT_FOUND)\"  location: \"JS frame :: resource:///modules/BrowserGlue.jsm :: _onQuitApplicationGranted/tasks< :: line 2013\"  data: no]"
1663680789154	geckodriver	INFO	Listening on 127.0.0.1:41547
1663680789671	mozrunner::runner	INFO	Running command: "/usr/lib/firefox/firefox" "--marionette" "--headless" "--remote-debugging-port" "42439" "--remote-allow-hosts" "localhost" "-no-remote" "-profile" "/tmp/rust_mozprofileUv2G9N"
*** You are running in headless mode.
[GFX1-]: glxtest: Unable to open a connection to the X server
[GFX1-]: glxtest: libEGL initialize failed
[GFX1-]: No GPUs detected via PCI
1663680789880	Marionette	INFO	Marionette enabled
1663680789882	Marionette	INFO	Listening on port 33685
WebDriver BiDi listening on ws://localhost:42439
Read port: 33685
1663680790101	RemoteAgent	WARN	TLS certificate errors will be ignored for this session
[GFX1-]: RenderCompositorSWGL failed mapping default framebuffer, no dt
console.warn: SearchSettings: "get: No settings file exists, new profile?" (new NotFoundError("Could not open the file at /tmp/rust_mozprofileUv2G9N/search.json.mozlz4", (void 0)))
Missing chrome or resource URL: resource://gre/modules/UpdateListener.sys.mjs
DevTools listening on ws://localhost:42439/devtools/browser/cc4bba73-c113-43fb-9490-743475e345fa
1663680896620	geckodriver	INFO	Listening on 127.0.0.1:57981
1663680897131	mozrunner::runner	INFO	Running command: "/usr/lib/firefox/firefox" "--marionette" "--headless" "--remote-debugging-port" "46883" "--remote-allow-hosts" "localhost" "-no-remote" "-profile" "/tmp/rust_mozprofilexH5Fy5"
*** You are running in headless mode.
[GFX1-]: glxtest: Unable to open a connection to the X server
[GFX1-]: glxtest: libEGL initialize failed
[GFX1-]: No GPUs detected via PCI
1663680897338	Marionette	INFO	Marionette enabled
1663680897341	Marionette	INFO	Listening on port 46335
WebDriver BiDi listening on ws://localhost:46883
Read port: 46335
1663680897560	RemoteAgent	WARN	TLS certificate errors will be ignored for this session
[GFX1-]: RenderCompositorSWGL failed mapping default framebuffer, no dt
console.warn: SearchSettings: "get: No settings file exists, new profile?" (new NotFoundError("Could not open the file at /tmp/rust_mozprofilexH5Fy5/search.json.mozlz4", (void 0)))
Missing chrome or resource URL: resource://gre/modules/UpdateListener.sys.mjs
DevTools listening on ws://localhost:46883/devtools/browser/1b908d2f-d12b-4408-8635-99fadaf552ba
1663681001411	geckodriver	INFO	Listening on 127.0.0.1:43291
1663681001899	mozrunner::runner	INFO	Running command: "/usr/lib/firefox/firefox" "--marionette" "--headless" "--remote-debugging-port" "47489" "--remote-allow-hosts" "localhost" "-no-remote" "-profile" "/tmp/rust_mozprofile8KT8mi"
*** You are running in headless mode.
[GFX1-]: glxtest: Unable to open a connection to the X server
[GFX1-]: glxtest: libEGL initialize failed
[GFX1-]: No GPUs detected via PCI
1663681002124	Marionette	INFO	Marionette enabled
1663681002126	Marionette	INFO	Listening on port 41519
WebDriver BiDi listening on ws://localhost:47489
Read port: 41519
1663681002388	RemoteAgent	WARN	TLS certificate errors will be ignored for this session
[GFX1-]: RenderCompositorSWGL failed mapping default framebuffer, no dt
console.warn: SearchSettings: "get: No settings file exists, new profile?" (new NotFoundError("Could not open the file at /tmp/rust_mozprofile8KT8mi/search.json.mozlz4", (void 0)))
Missing chrome or resource URL: resource://gre/modules/UpdateListener.sys.mjs
DevTools listening on ws://localhost:47489/devtools/browser/5068e2fb-2fa8-4b0f-832b-75c6a87b7ed8
1663681143985	geckodriver	INFO	Listening on 127.0.0.1:49149
1663681144480	mozrunner::runner	INFO	Running command: "/usr/lib/firefox/firefox" "--marionette" "--headless" "--remote-debugging-port" "48813" "--remote-allow-hosts" "localhost" "-no-remote" "-profile" "/tmp/rust_mozprofilerQOFyP"
*** You are running in headless mode.
[GFX1-]: glxtest: Unable to open a connection to the X server
[GFX1-]: glxtest: libEGL initialize failed
[GFX1-]: No GPUs detected via PCI
1663681144696	Marionette	INFO	Marionette enabled
1663681144699	Marionette	INFO	Listening on port 41769
WebDriver BiDi listening on ws://localhost:48813
Read port: 41769
1663681144927	RemoteAgent	WARN	TLS certificate errors will be ignored for this session
[GFX1-]: RenderCompositorSWGL failed mapping default framebuffer, no dt
console.warn: SearchSettings: "get: No settings file exists, new profile?" (new NotFoundError("Could not open the file at /tmp/rust_mozprofilerQOFyP/search.json.mozlz4", (void 0)))
Missing chrome or resource URL: resource://gre/modules/UpdateListener.sys.mjs
DevTools listening on ws://localhost:48813/devtools/browser/129da4b9-5055-49f1-b837-972a2adcc452
1663681171984	geckodriver	INFO	Listening on 127.0.0.1:35329
1663681172482	mozrunner::runner	INFO	Running command: "/usr/lib/firefox/firefox" "--marionette" "--headless" "--remote-debugging-port" "55305" "--remote-allow-hosts" "localhost" "-no-remote" "-profile" "/tmp/rust_mozprofileENLUp7"
*** You are running in headless mode.
[GFX1-]: glxtest: Unable to open a connection to the X server
[GFX1-]: glxtest: libEGL initialize failed
[GFX1-]: No GPUs detected via PCI
1663681172695	Marionette	INFO	Marionette enabled
1663681172698	Marionette	INFO	Listening on port 45431
WebDriver BiDi listening on ws://localhost:55305
Read port: 45431
1663681172859	RemoteAgent	WARN	TLS certificate errors will be ignored for this session
[GFX1-]: RenderCompositorSWGL failed mapping default framebuffer, no dt
console.warn: SearchSettings: "get: No settings file exists, new profile?" (new NotFoundError("Could not open the file at /tmp/rust_mozprofileENLUp7/search.json.mozlz4", (void 0)))
Missing chrome or resource URL: resource://gre/modules/UpdateListener.sys.mjs
DevTools listening on ws://localhost:55305/devtools/browser/9d01da8f-b5e3-48e1-83b9-af826e0fa0d8
console.warn: LoginRecipes: "Falling back to a synchronous message for: https://www.instagram.com."
1663681188761	Marionette	INFO	Stopped listening on port 45431
Missing chrome or resource URL: resource://gre/modules/UpdateListener.sys.mjs
console.error: "Error during quit-application-granted: [Exception... \"File error: Not found\"  nsresult: \"0x80520012 (NS_ERROR_FILE_NOT_FOUND)\"  location: \"JS frame :: resource:///modules/BrowserGlue.jsm :: _onQuitApplicationGranted/tasks< :: line 2013\"  data: no]"
